<?xml version="1.0" encoding="UTF-8"?>
<!-- Generated by org.testng.reporters.JUnitReportReporter -->
<testsuite hostname="DESKTOP-66BAJ88" failures="0" tests="2" name="modules.MyTimesheet" time="6.711" errors="0" timestamp="2023-11-20T16:51:05 IST" skipped="0">
  <testcase classname="modules.MyTimesheet" name="clickOnTimeSheetIcon" time="3.555"/>
  <testcase classname="modules.MyTimesheet" name="clickOnHelpButton" time="3.156"/>
</testsuite> <!-- modules.MyTimesheet -->
