<?xml version="1.0" encoding="UTF-8"?>
<!-- Generated by org.testng.reporters.JUnitReportReporter -->
<testsuite hostname="DESKTOP-66BAJ88" failures="0" tests="1" name="modules.AssignLeave" time="0.623" errors="0" timestamp="2023-11-20T16:51:05 IST" skipped="0">
  <testcase classname="modules.AssignLeave" name="clickOnAssignLeaveButton" time="0.623"/>
</testsuite> <!-- modules.AssignLeave -->
